time="2026-01-09T06:12:06Z" level=info msg="[DEVICE_MANAGER] discovered 0 device records in registry"
time="2026-01-09T06:12:06Z" level=info msg="[DEVICE_MANAGER] discovered 0 device records in store"
time="2026-01-09T06:12:08Z" level=warning msg="auto-connect skipped: no devices available"
time="2026-01-09T06:13:03Z" level=info msg="[DEVICE_MANAGER] created device placeholder 03fad47a-a755-46f2-8376-8f804668ddff"
time="2026-01-09T06:13:03Z" level=info msg="connection registered"
time="2026-01-09T06:13:03Z" level=info msg="message received: {LIST_DEVICES Device found [{ 03fad47a-a755-46f2-8376-8f804668ddff}]}"
time="2026-01-09T06:13:22Z" level=info msg="message received: {DEVICE_REMOVED Device 03fad47a-a755-46f2-8376-8f804668ddff logged out and removed map[device_id:03fad47a-a755-46f2-8376-8f804668ddff devices:[]]}"
time="2026-01-09T06:13:22Z" level=info msg="read error: websocket: close 1005 (no status)"
time="2026-01-09T06:13:22Z" level=info msg="connection unregistered"
time="2026-01-09T06:13:33Z" level=info msg="[DEVICE_MANAGER] created device placeholder 04fad47a-a755-46f2-8376-8f804668ddff"
time="2026-01-09T06:13:33Z" level=info msg="connection registered"
time="2026-01-09T06:13:33Z" level=info msg="message received: {LIST_DEVICES Device found [{ 04fad47a-a755-46f2-8376-8f804668ddff}]}"
time="2026-01-09T06:14:39Z" level=info msg="read error: websocket: close 1005 (no status)"
time="2026-01-09T06:14:39Z" level=info msg="connection unregistered"
time="2026-01-09T06:14:39Z" level=info msg="connection registered"
time="2026-01-09T06:14:39Z" level=info msg="message received: {LIST_DEVICES Device found [{ 04fad47a-a755-46f2-8376-8f804668ddff}]}"
time="2026-01-09T06:16:04Z" level=info msg="message received: {LOGIN_SUCCESS Successfully pair with 628811230359:28@s.whatsapp.net <nil>}"
time="2026-01-09T06:16:04Z" level=error msg="[LOGIN][04fad47a-a755-46f2-8376-8f804668ddff] error when get qrCode success <nil>"
time="2026-01-09T06:16:04Z" level=error msg="[LOGIN][04fad47a-a755-46f2-8376-8f804668ddff] error when get qrCode success <nil>"
time="2026-01-09T06:16:04Z" level=info msg="message received: {LIST_DEVICES Device found [{ 04fad47a-a755-46f2-8376-8f804668ddff}]}"
time="2026-01-09T06:17:55Z" level=info msg="Forwarding group info event to 2 configured webhook(s)"
time="2026-01-09T06:17:56Z" level=warning msg="Attempt 1 to submit webhook failed: webhook returned status 429"
time="2026-01-09T06:17:58Z" level=warning msg="Attempt 2 to submit webhook failed: webhook returned status 429"
time="2026-01-09T06:18:00Z" level=warning msg="Attempt 3 to submit webhook failed: webhook returned status 429"
time="2026-01-09T06:18:05Z" level=warning msg="Attempt 4 to submit webhook failed: webhook returned status 429"
time="2026-01-09T06:18:14Z" level=warning msg="Attempt 5 to submit webhook failed: webhook returned status 429"
time="2026-01-09T06:18:15Z" level=warning msg="Attempt 1 to submit webhook failed: webhook returned status 429"
time="2026-01-09T06:18:17Z" level=warning msg="Attempt 2 to submit webhook failed: webhook returned status 429"
time="2026-01-09T06:18:20Z" level=warning msg="Attempt 3 to submit webhook failed: webhook returned status 429"
time="2026-01-09T06:18:20Z" level=info msg="Forwarding group info event to 2 configured webhook(s)"
time="2026-01-09T06:18:21Z" level=warning msg="Attempt 1 to submit webhook failed: webhook returned status 429"
time="2026-01-09T06:18:23Z" level=warning msg="Attempt 2 to submit webhook failed: webhook returned status 429"
time="2026-01-09T06:18:24Z" level=warning msg="Attempt 4 to submit webhook failed: webhook returned status 429"
time="2026-01-09T06:18:25Z" level=info msg="Forwarding group info event to 2 configured webhook(s)"
time="2026-01-09T06:18:25Z" level=warning msg="Attempt 3 to submit webhook failed: webhook returned status 429"
time="2026-01-09T06:18:25Z" level=warning msg="Attempt 1 to submit webhook failed: webhook returned status 429"
time="2026-01-09T06:18:27Z" level=warning msg="Attempt 2 to submit webhook failed: webhook returned status 429"
time="2026-01-09T06:18:30Z" level=warning msg="Attempt 3 to submit webhook failed: webhook returned status 429"
time="2026-01-09T06:18:30Z" level=warning msg="Attempt 4 to submit webhook failed: webhook returned status 429"
time="2026-01-09T06:18:32Z" level=warning msg="Attempt 5 to submit webhook failed: Post \"https://webhook.site/09a38aff-d11a-4a38-a176-3f3efa0b5e8b\": context deadline exceeded"
time="2026-01-09T06:18:32Z" level=error msg="Failed to forward group info event to webhook: all webhook URLs failed: webhook https://webhook.site/07b69616-5943-4c7f-a8be-db4819df699e failed: error when submit webhook after 5 attempts: <nil>; webhook https://webhook.site/09a38aff-d11a-4a38-a176-3f3efa0b5e8b failed: error when submit webhook after 5 attempts: <nil>"
time="2026-01-09T06:18:34Z" level=warning msg="Attempt 4 to submit webhook failed: webhook returned status 429"
time="2026-01-09T06:18:39Z" level=warning msg="Attempt 5 to submit webhook failed: webhook returned status 429"
time="2026-01-09T06:18:40Z" level=warning msg="Attempt 1 to submit webhook failed: webhook returned status 429"
time="2026-01-09T06:18:42Z" level=warning msg="Attempt 2 to submit webhook failed: webhook returned status 429"
time="2026-01-09T06:18:43Z" level=warning msg="Attempt 5 to submit webhook failed: webhook returned status 429"
time="2026-01-09T06:18:44Z" level=warning msg="Attempt 1 to submit webhook failed: webhook returned status 429"
time="2026-01-09T06:18:46Z" level=info msg="Forwarding group info event to 2 configured webhook(s)"
time="2026-01-09T06:18:46Z" level=warning msg="Attempt 3 to submit webhook failed: webhook returned status 429"
time="2026-01-09T06:18:46Z" level=warning msg="Attempt 2 to submit webhook failed: webhook returned status 429"
time="2026-01-09T06:18:46Z" level=warning msg="Attempt 1 to submit webhook failed: webhook returned status 429"
time="2026-01-09T06:18:48Z" level=warning msg="Attempt 2 to submit webhook failed: webhook returned status 429"
time="2026-01-09T06:18:49Z" level=warning msg="Attempt 3 to submit webhook failed: webhook returned status 429"
time="2026-01-09T06:18:50Z" level=warning msg="Attempt 4 to submit webhook failed: Post \"https://webhook.site/09a38aff-d11a-4a38-a176-3f3efa0b5e8b\": context deadline exceeded"
time="2026-01-09T06:18:51Z" level=warning msg="Attempt 3 to submit webhook failed: webhook returned status 429"
time="2026-01-09T06:18:53Z" level=warning msg="Attempt 4 to submit webhook failed: webhook returned status 429"
time="2026-01-09T06:18:55Z" level=warning msg="Attempt 4 to submit webhook failed: webhook returned status 429"
time="2026-01-09T06:18:58Z" level=warning msg="Attempt 5 to submit webhook failed: Post \"https://webhook.site/09a38aff-d11a-4a38-a176-3f3efa0b5e8b\": context deadline exceeded"
time="2026-01-09T06:18:58Z" level=error msg="Failed to forward group info event to webhook: all webhook URLs failed: webhook https://webhook.site/07b69616-5943-4c7f-a8be-db4819df699e failed: error when submit webhook after 5 attempts: <nil>; webhook https://webhook.site/09a38aff-d11a-4a38-a176-3f3efa0b5e8b failed: error when submit webhook after 5 attempts: <nil>"
time="2026-01-09T06:19:01Z" level=warning msg="Attempt 5 to submit webhook failed: Post \"https://webhook.site/09a38aff-d11a-4a38-a176-3f3efa0b5e8b\": context deadline exceeded"
time="2026-01-09T06:19:01Z" level=error msg="Failed to forward group info event to webhook: all webhook URLs failed: webhook https://webhook.site/07b69616-5943-4c7f-a8be-db4819df699e failed: error when submit webhook after 5 attempts: <nil>; webhook https://webhook.site/09a38aff-d11a-4a38-a176-3f3efa0b5e8b failed: error when submit webhook after 5 attempts: <nil>"
time="2026-01-09T06:19:04Z" level=warning msg="Attempt 5 to submit webhook failed: webhook returned status 429"
time="2026-01-09T06:19:05Z" level=warning msg="Attempt 1 to submit webhook failed: webhook returned status 429"
time="2026-01-09T06:19:06Z" level=warning msg="Attempt 2 to submit webhook failed: webhook returned status 429"
time="2026-01-09T06:19:09Z" level=warning msg="Attempt 3 to submit webhook failed: webhook returned status 429"
time="2026-01-09T06:19:13Z" level=warning msg="Attempt 4 to submit webhook failed: webhook returned status 429"
time="2026-01-09T06:19:21Z" level=warning msg="Attempt 5 to submit webhook failed: Post \"https://webhook.site/09a38aff-d11a-4a38-a176-3f3efa0b5e8b\": context deadline exceeded"
time="2026-01-09T06:19:21Z" level=error msg="Failed to forward group info event to webhook: all webhook URLs failed: webhook https://webhook.site/07b69616-5943-4c7f-a8be-db4819df699e failed: error when submit webhook after 5 attempts: <nil>; webhook https://webhook.site/09a38aff-d11a-4a38-a176-3f3efa0b5e8b failed: error when submit webhook after 5 attempts: <nil>"
time="2026-01-09T06:25:27Z" level=info msg="Forwarding group info event to 2 configured webhook(s)"
time="2026-01-09T06:25:28Z" level=warning msg="Attempt 1 to submit webhook failed: webhook returned status 429"
time="2026-01-09T06:25:29Z" level=warning msg="Attempt 2 to submit webhook failed: webhook returned status 429"
time="2026-01-09T06:25:34Z" level=warning msg="Attempt 3 to submit webhook failed: webhook returned status 429"
time="2026-01-09T06:25:38Z" level=warning msg="Attempt 4 to submit webhook failed: webhook returned status 429"
time="2026-01-09T06:25:47Z" level=warning msg="Attempt 5 to submit webhook failed: webhook returned status 429"
time="2026-01-09T06:25:48Z" level=warning msg="Attempt 1 to submit webhook failed: webhook returned status 429"
time="2026-01-09T06:25:49Z" level=warning msg="Attempt 2 to submit webhook failed: webhook returned status 429"
time="2026-01-09T06:25:52Z" level=warning msg="Attempt 3 to submit webhook failed: webhook returned status 429"
time="2026-01-09T06:25:57Z" level=warning msg="Attempt 4 to submit webhook failed: webhook returned status 429"
time="2026-01-09T06:26:05Z" level=warning msg="Attempt 5 to submit webhook failed: Post \"https://webhook.site/09a38aff-d11a-4a38-a176-3f3efa0b5e8b\": context deadline exceeded"
time="2026-01-09T06:26:05Z" level=error msg="Failed to forward group info event to webhook: all webhook URLs failed: webhook https://webhook.site/07b69616-5943-4c7f-a8be-db4819df699e failed: error when submit webhook after 5 attempts: <nil>; webhook https://webhook.site/09a38aff-d11a-4a38-a176-3f3efa0b5e8b failed: error when submit webhook after 5 attempts: <nil>"
time="2026-01-09T06:27:12Z" level=info msg="Listed chats successfully" limit=10 offset=0 total_chats=10
time="2026-01-09T06:27:28Z" level=info msg="Retrieved chat messages successfully" chat_jid=120363405896804615@g.us limit=20 offset=0 total_messages=4
time="2026-01-09T06:28:01Z" level=info msg="Listed chats successfully" limit=10 offset=0 total_chats=10
time="2026-01-09T06:32:47Z" level=info msg="Forwarding group info event to 2 configured webhook(s)"
time="2026-01-09T06:32:47Z" level=warning msg="Attempt 1 to submit webhook failed: webhook returned status 429"
time="2026-01-09T06:32:49Z" level=warning msg="Attempt 2 to submit webhook failed: webhook returned status 429"
time="2026-01-09T06:32:52Z" level=warning msg="Attempt 3 to submit webhook failed: webhook returned status 429"
time="2026-01-09T06:32:56Z" level=warning msg="Attempt 4 to submit webhook failed: webhook returned status 429"
time="2026-01-09T06:33:05Z" level=warning msg="Attempt 5 to submit webhook failed: webhook returned status 429"
time="2026-01-09T06:33:06Z" level=warning msg="Attempt 1 to submit webhook failed: webhook returned status 429"
time="2026-01-09T06:33:07Z" level=warning msg="Attempt 2 to submit webhook failed: webhook returned status 429"
time="2026-01-09T06:33:10Z" level=warning msg="Attempt 3 to submit webhook failed: webhook returned status 429"
time="2026-01-09T06:33:15Z" level=warning msg="Attempt 4 to submit webhook failed: webhook returned status 429"
time="2026-01-09T06:33:23Z" level=warning msg="Attempt 5 to submit webhook failed: Post \"https://webhook.site/09a38aff-d11a-4a38-a176-3f3efa0b5e8b\": context deadline exceeded"
time="2026-01-09T06:33:23Z" level=error msg="Failed to forward group info event to webhook: all webhook URLs failed: webhook https://webhook.site/07b69616-5943-4c7f-a8be-db4819df699e failed: error when submit webhook after 5 attempts: <nil>; webhook https://webhook.site/09a38aff-d11a-4a38-a176-3f3efa0b5e8b failed: error when submit webhook after 5 attempts: <nil>"
exit status 0xffffffff
