map[app_base_path: app_basic_auth:user1:pass1,user2:pass2 app_debug:false app_host:0.0.0.0 app_os:Chrome app_port:3000 app_trusted_proxies:0.0.0.0/0 db_keys_uri:file::memory:?cache=shared&_pragma=foreign_keys(1) db_uri:file:storages/whatsapp.db?_pragma=foreign_keys(1) whatsapp_account_validation:true whatsapp_auto_download_media:true whatsapp_auto_mark_read:false whatsapp_auto_reply:Auto reply message whatsapp_chat_storage:true whatsapp_webhook:https://webhook.site/07b69616-5943-4c7f-a8be-db4819df699e,https://webhook.site/09a38aff-d11a-4a38-a176-3f3efa0b5e8b whatsapp_webhook_events:message,message.reaction,message.revoked,message.edited,message.ack,group.participants whatsapp_webhook_insecure_skip_verify:false whatsapp_webhook_secret:super-secret-key]

 â”Œâ”€â”€â”€â”€â”€â”€â”€â”€â”€â”€â”€â”€â”€â”€â”€â”€â”€â”€â”€â”€â”€â”€â”€â”€â”€â”€â”€â”€â”€â”€â”€â”€â”€â”€â”€â”€â”€â”€â”€â”€â”€â”€â”€â”€â”€â”€â”€â”€â”€â”€â”€â” 
 â”‚                  Fiber v2.52.10                   â”‚ 
 â”‚                 http://[::]:3000                  â”‚ 
 â”‚                                                   â”‚ 
 â”‚ Handlers ........... 112  Processes ........... 1 â”‚ 
 â”‚ Prefork ....... Disabled  PID ............. 13368 â”‚ 
 â””â”€â”€â”€â”€â”€â”€â”€â”€â”€â”€â”€â”€â”€â”€â”€â”€â”€â”€â”€â”€â”€â”€â”€â”€â”€â”€â”€â”€â”€â”€â”€â”€â”€â”€â”€â”€â”€â”€â”€â”€â”€â”€â”€â”€â”€â”€â”€â”€â”€â”€â”€â”˜ 

06:16:21.173[31m [Client-04fad47a-a755-46f2-8376-8f804668ddff/AppState ERROR] Failed to update app state version in the database: database is locked (5) (SQLITE_BUSY)[0m
06:16:21.177[31m [Client-04fad47a-a755-46f2-8376-8f804668ddff ERROR] Failed to store app state sync key 000000003B1B: database is locked (5) (SQLITE_BUSY)[0m
06:16:21.202[31m [Client-04fad47a-a755-46f2-8376-8f804668ddff/AppState ERROR] Failed to insert added mutation MACs to the database: constraint failed: FOREIGN KEY constraint failed (787)[0m
06:16:21.204[31m [Client-04fad47a-a755-46f2-8376-8f804668ddff ERROR] Failed to do initial fetch of app state regular_high: failed to decode app state regular_high patches: failed to verify patch v731: mismatching LTHash[0m
06:16:28.346[31m [Client-04fad47a-a755-46f2-8376-8f804668ddff ERROR] Failed to sync app state after notification: failed to decode app state regular_low patches: failed to get key 000000003B1B to verify patch v71 MACs: didn't find app state key[0m
06:16:29.145[31m [Main ERROR] Failed to store incoming message AC13D12D71182B693F6FB240A29CC680: failed to get existing chat: database is locked (5) (SQLITE_BUSY)[0m
06:16:32.776[31m [Client-04fad47a-a755-46f2-8376-8f804668ddff ERROR] Failed to get prekey for retry receipt: database is locked (5) (SQLITE_BUSY)[0m
06:17:09.029[31m [Client-04fad47a-a755-46f2-8376-8f804668ddff ERROR] Failed to get prekey for retry receipt: database is locked (5) (SQLITE_BUSY)[0m
06:17:55.822[31m [Client-04fad47a-a755-46f2-8376-8f804668ddff ERROR] Failed to save business name of 214396328513656@lid in device store: database is locked (5) (SQLITE_BUSY)[0m
06:17:55.830[31m [Client-04fad47a-a755-46f2-8376-8f804668ddff ERROR] Failed to save push name of 214396328513656@lid in device store: database is locked (5) (SQLITE_BUSY)[0m
06:17:55.840[31m [Client-04fad47a-a755-46f2-8376-8f804668ddff ERROR] Failed to save push name of 214396328513656@lid in device store: database is locked (5) (SQLITE_BUSY)[0m
06:17:55.848[31m [Client-04fad47a-a755-46f2-8376-8f804668ddff ERROR] Failed to save business name of 214396328513656@lid in device store: database is locked (5) (SQLITE_BUSY)[0m
06:17:55.849[31m [Client-04fad47a-a755-46f2-8376-8f804668ddff ERROR] Failed to get prekey for retry receipt: database is locked (5) (SQLITE_BUSY)[0m
06:17:56.583[31m [Client-04fad47a-a755-46f2-8376-8f804668ddff ERROR] Failed to get prekey for retry receipt: database is locked (5) (SQLITE_BUSY)[0m
06:19:22.422[31m [Client-04fad47a-a755-46f2-8376-8f804668ddff ERROR] Failed to store privacy tokens in history sync: database is locked (5) (SQLITE_BUSY)[0m
06:19:53.316[31m [Client-04fad47a-a755-46f2-8376-8f804668ddff ERROR] Failed to get prekey for retry receipt: database is locked (5) (SQLITE_BUSY)[0m
06:20:02.420[31m [Client-04fad47a-a755-46f2-8376-8f804668ddff ERROR] Failed to save business name of 178795260735594:41@lid in device store: database is locked (5) (SQLITE_BUSY)[0m
06:20:03.536[31m [Client-04fad47a-a755-46f2-8376-8f804668ddff ERROR] Failed to get prekey for retry receipt: failed to query next prekey ID: database is locked (5) (SQLITE_BUSY)[0m
06:21:13.903[31m [Client-04fad47a-a755-46f2-8376-8f804668ddff ERROR] Failed to get prekey for retry receipt: database is locked (5) (SQLITE_BUSY)[0m
06:25:22.085[31m [Client-04fad47a-a755-46f2-8376-8f804668ddff ERROR] Failed to save push name of 11755510059076@lid in device store: database is locked (5) (SQLITE_BUSY)[0m
06:25:23.133[31m [Client-04fad47a-a755-46f2-8376-8f804668ddff ERROR] Failed to get prekey for retry receipt: database is locked (5) (SQLITE_BUSY)[0m
